<?xml version="1.0" encoding="UTF-8"?>
<!-- Generated by org.testng.reporters.JUnitXMLReporter -->
<testsuite hostname="05659A-GUSER2" ignored="0" name="EndToEnd_Login and Add Product To Cart Validation" tests="5" failures="3" timestamp="13 Nov 2019 08:08:44 GMT" time="41.922" errors="0">
  <testcase name="Login" time="4.836" classname="testcases.AIHackathon.TraditionalTests"/>
  <testcase name="Remove_All_Products_From_Cart" time="5.205" classname="testcases.AIHackathon.TraditionalTests"/>
  <testcase name="Search_Product" time="11.463" classname="testcases.AIHackathon.TraditionalTests">
    <failure type="org.openqa.selenium.TimeoutException" message="Expected condition failed: waiting for visibility of [[ChromeDriver: chrome on MAC (5d0930c93b194c854cb09eb02ba74bf9)] -&amp;gt; xpath: //form[@name=&amp;apos;top-search&amp;apos;]/input] (tried for 10 second(s) with 500 MILLISECONDS interval)
Build info: version: &amp;apos;3.0.0&amp;apos;, revision: &amp;apos;350cf60&amp;apos;, time: &amp;apos;2016-10-13 10:48:57 -0700&amp;apos;
System info: host: &amp;apos;05659A-GUSER2&amp;apos;, ip: &amp;apos;10.154.184.93&amp;apos;, os.name: &amp;apos;Mac OS X&amp;apos;, os.arch: &amp;apos;x86_64&amp;apos;, os.version: &amp;apos;10.13.6&amp;apos;, java.version: &amp;apos;1.8.0_192&amp;apos;
Driver info: org.openqa.selenium.chrome.ChromeDriver
Capabilities [{mobileEmulationEnabled=false, timeouts={implicit=0, pageLoad=300000, script=30000}, hasTouchScreen=false, platform=MAC, acceptSslCerts=false, goog:chromeOptions={debuggerAddress=localhost:57203}, acceptInsecureCerts=false, webStorageEnabled=true, browserName=chrome, takesScreenshot=true, javascriptEnabled=true, setWindowRect=true, unexpectedAlertBehaviour=ignore, applicationCacheEnabled=false, rotatable=false, networkConnectionEnabled=false, chrome={chromedriverVersion=78.0.3904.70 (edb9c9f3de0247fd912a77b7f6cae7447f6d3ad5-refs/branch-heads/3904@{#800}), userDataDir=/var/folders/zy/fzk1mny500q4x7kz10cmwj8r0000gq/T/.com.google.Chrome.cxaAOs}, takesHeapSnapshot=true, pageLoadStrategy=normal, strictFileInteractability=false, databaseEnabled=false, handlesAlerts=true, version=78.0.3904.97, browserConnectionEnabled=false, proxy={}, nativeEvents=true, locationContextEnabled=true, cssSelectorsEnabled=true}]
Session ID: 5d0930c93b194c854cb09eb02ba74bf9">
      <![CDATA[org.openqa.selenium.TimeoutException: Expected condition failed: waiting for visibility of [[ChromeDriver: chrome on MAC (5d0930c93b194c854cb09eb02ba74bf9)] -> xpath: //form[@name='top-search']/input] (tried for 10 second(s) with 500 MILLISECONDS interval)
Build info: version: '3.0.0', revision: '350cf60', time: '2016-10-13 10:48:57 -0700'
System info: host: '05659A-GUSER2', ip: '10.154.184.93', os.name: 'Mac OS X', os.arch: 'x86_64', os.version: '10.13.6', java.version: '1.8.0_192'
Driver info: org.openqa.selenium.chrome.ChromeDriver
Capabilities [{mobileEmulationEnabled=false, timeouts={implicit=0, pageLoad=300000, script=30000}, hasTouchScreen=false, platform=MAC, acceptSslCerts=false, goog:chromeOptions={debuggerAddress=localhost:57203}, acceptInsecureCerts=false, webStorageEnabled=true, browserName=chrome, takesScreenshot=true, javascriptEnabled=true, setWindowRect=true, unexpectedAlertBehaviour=ignore, applicationCacheEnabled=false, rotatable=false, networkConnectionEnabled=false, chrome={chromedriverVersion=78.0.3904.70 (edb9c9f3de0247fd912a77b7f6cae7447f6d3ad5-refs/branch-heads/3904@{#800}), userDataDir=/var/folders/zy/fzk1mny500q4x7kz10cmwj8r0000gq/T/.com.google.Chrome.cxaAOs}, takesHeapSnapshot=true, pageLoadStrategy=normal, strictFileInteractability=false, databaseEnabled=false, handlesAlerts=true, version=78.0.3904.97, browserConnectionEnabled=false, proxy={}, nativeEvents=true, locationContextEnabled=true, cssSelectorsEnabled=true}]
Session ID: 5d0930c93b194c854cb09eb02ba74bf9
at org.openqa.selenium.support.ui.WebDriverWait.timeoutException(WebDriverWait.java:80)
at org.openqa.selenium.support.ui.FluentWait.until(FluentWait.java:265)
at utilities.Base.PageEvents.wait_element_visible(PageEvents.java:186)
at utilities.Base.PageEvents.setElement(PageEvents.java:65)
at utilities.AIHackathon.SearchPageFactory_HomePage.set_homePage_topSearchTextbox(SearchPageFactory_HomePage.java:70)
at testcases.AIHackathon.TraditionalTests.Search_Product(TraditionalTests.java:89)
at java.util.concurrent.FutureTask.run(FutureTask.java:266)
at java.util.concurrent.ThreadPoolExecutor.runWorker(ThreadPoolExecutor.java:1149)
at java.util.concurrent.ThreadPoolExecutor$Worker.run(ThreadPoolExecutor.java:624)
at java.lang.Thread.run(Thread.java:748)
... Removed 16 stack frames]]>
    </failure>
  </testcase> <!-- Search_Product -->
  <testcase name="Select_Product" time="0.0" classname="testcases.AIHackathon.TraditionalTests">
    <failure type="java.lang.IllegalArgumentException" message="bound must be positive">
      <![CDATA[java.lang.IllegalArgumentException: bound must be positive
at java.util.Random.nextInt(Random.java:388)
at testcases.AIHackathon.TraditionalTests.Select_Product(TraditionalTests.java:106)
at java.util.concurrent.FutureTask.run(FutureTask.java:266)
at java.util.concurrent.ThreadPoolExecutor.runWorker(ThreadPoolExecutor.java:1149)
at java.util.concurrent.ThreadPoolExecutor$Worker.run(ThreadPoolExecutor.java:624)
at java.lang.Thread.run(Thread.java:748)
... Removed 16 stack frames]]>
    </failure>
  </testcase> <!-- Select_Product -->
  <testcase name="Add_Product_To_Cart" time="0.0" classname="testcases.AIHackathon.TraditionalTests">
    <failure type="java.lang.NullPointerException">
      <![CDATA[java.lang.NullPointerException
at testcases.AIHackathon.TraditionalTests.Add_Product_To_Cart(TraditionalTests.java:141)
at java.util.concurrent.FutureTask.run(FutureTask.java:266)
at java.util.concurrent.ThreadPoolExecutor.runWorker(ThreadPoolExecutor.java:1149)
at java.util.concurrent.ThreadPoolExecutor$Worker.run(ThreadPoolExecutor.java:624)
at java.lang.Thread.run(Thread.java:748)
... Removed 16 stack frames]]>
    </failure>
  </testcase> <!-- Add_Product_To_Cart -->
</testsuite> <!-- EndToEnd_Login and Add Product To Cart Validation -->
